%MSG-i MF_INIT_OK:  Early 05-Dec-2019 04:55:08 CST JobSetup
Messagelogger initialization complete.
%MSG
%MSG-i GeometryCore:  Early 05-Dec-2019 04:55:10 CST JobSetup
New detector geometry loaded from 
	/dune/app/users/aborkum/v08_33_00_prof_e17/localProducts_larsoft_v08_33_00_e17_prof/dunetpc/v08_33_00_02/gdml/protodune_v7.gdml
	/dune/app/users/aborkum/v08_33_00_prof_e17/localProducts_larsoft_v08_33_00_e17_prof/dunetpc/v08_33_00_02/gdml/protodune_v7_nowires.gdml

%MSG
%MSG-i GeometryCore:  Early 05-Dec-2019 04:55:10 CST JobSetup
Sorting volumes...
%MSG
%MSG-i DuneApaChannelMapAlg:  Early 05-Dec-2019 04:55:10 CST JobSetup
Initializing channel map...
%MSG
Cryostat 0:
  15360 total channels
  6 APAs
  For all identical APA:
    Number of channels per APA = 2560
    U channels per APA = 800
    V channels per APA = 800
    Z channels per APA = 960
    Pitch in U Plane = 0.4669
    Pitch in V Plane = 0.4669
    Pitch in Z Plane = 0.4792
%MSG-i SimpleChannelStatusService:  Early 05-Dec-2019 04:55:10 CST JobSetup
Loaded from configuration:
  - 0 bad channels
  - 0 noisy channels
  - largest channel ID: 15359, largest present: 15359
%MSG
%MSG-i setupProvider<DetectorPropertiesStandard>:  Early  05-Dec-2019 04:55:10 CST JobSetup
Asked to ignore 1 keys: 'InheritNumberTimeSamples'
%MSG
%MSG-i SignalShapingServiceDUNE:  Early 05-Dec-2019 04:55:11 CST JobSetup
Getting Filter from .fcl file
%MSG
%MSG-i SignalShapingServiceDUNE:  Early 05-Dec-2019 04:55:11 CST JobSetup
 using the field response provided from a .root file 
%MSG
%MSG-s ArtException:  WaveformDumpRS:waveformdumprs@Construction  05-Dec-2019 04:55:11 CST ModuleConstruction
cet::exception caught in art
---- Can't find key BEGIN
  OutputFile1 
---- Can't find key END
%MSG
